Arguments: 
  /usr/bin/node /usr/share/yarn/bin/yarn.js build

PATH: 
  /usr/local/sbin:/usr/local/bin:/usr/sbin:/usr/bin:/sbin:/bin:/usr/games:/usr/local/games:/snap/bin

Yarn version: 
  1.13.0

Node version: 
  11.6.0

Platform: 
  linux x64

Trace: 
  SyntaxError: /home/user/Desktop/freshworks-ui-kit/components/Button/package.json: Unexpected string in JSON at position 42
      at JSON.parse (<anonymous>)
      at /usr/share/yarn/lib/cli.js:1625:59
      at Generator.next (<anonymous>)
      at step (/usr/share/yarn/lib/cli.js:304:30)
      at /usr/share/yarn/lib/cli.js:315:13

npm manifest: 
  {
    "name": "@freshworks-ui-kit/button"
    "version": "0.1.0",
    "svelte": "src/index.html",
    "module": "dist/index.mjs",
    "main": "dist/index.js",
    "author": "Freshworks",
    "scripts": {
      "prepare": "yarn run build",
      "clean": "rimraf dist && mkdir dist",
      "build:rollup": "rollup src/input.html --config ../../rollup.config.js --environment MODULE:index.mjs,MAIN:index.js,NAME:@freshworks-ui-kit/button",
      "build": "yarn run clean && yarn run build:rollup"
    },
    "keywords": [
      "svelte"
    ],
    "files": [
      "src",
      "dist/index.mjs",
      "dist/index.js"
    ],
    "peerDependencies": {
      "svelte": "^2.15.3"
    }
  }

yarn manifest: 
  No manifest

Lockfile: 
  No lockfile
